  main.cpp
G:\4.2\Computer Graphics\Project\sphere.h(274,26): warning C4244: 'initializing': conversion from 'double' to 'float', possible loss of data
G:\4.2\Computer Graphics\Project\sphere.h(275,25): warning C4244: 'initializing': conversion from 'double' to 'float', possible loss of data
G:\4.2\Computer Graphics\Project\sphere.h(277,26): warning C4244: 'initializing': conversion from 'double' to 'float', possible loss of data
G:\4.2\Computer Graphics\Project\main.cpp(428,67): warning C4305: 'argument': truncation from 'double' to 'float'
G:\4.2\Computer Graphics\Project\main.cpp(428,63): warning C4305: 'argument': truncation from 'double' to 'float'
G:\4.2\Computer Graphics\Project\main.cpp(428,59): warning C4305: 'argument': truncation from 'double' to 'float'
G:\4.2\Computer Graphics\Project\main.cpp(440,61): warning C4305: 'argument': truncation from 'double' to 'float'
G:\4.2\Computer Graphics\Project\main.cpp(440,57): warning C4305: 'argument': truncation from 'double' to 'float'
G:\4.2\Computer Graphics\Project\main.cpp(440,53): warning C4305: 'argument': truncation from 'double' to 'float'
G:\4.2\Computer Graphics\Project\main.cpp(444,50): warning C4305: 'argument': truncation from 'double' to 'float'
G:\4.2\Computer Graphics\Project\main.cpp(445,50): warning C4305: 'argument': truncation from 'double' to 'float'
G:\4.2\Computer Graphics\Project\main.cpp(954,60): warning C4305: 'argument': truncation from 'double' to 'float'
G:\4.2\Computer Graphics\Project\main.cpp(954,53): warning C4305: 'argument': truncation from 'double' to 'float'
G:\4.2\Computer Graphics\Project\main.cpp(954,46): warning C4305: 'argument': truncation from 'double' to 'float'
G:\4.2\Computer Graphics\Project\main.cpp(959,60): warning C4305: 'argument': truncation from 'double' to 'float'
G:\4.2\Computer Graphics\Project\main.cpp(959,53): warning C4305: 'argument': truncation from 'double' to 'float'
G:\4.2\Computer Graphics\Project\main.cpp(959,46): warning C4305: 'argument': truncation from 'double' to 'float'
G:\4.2\Computer Graphics\Project\main.cpp(969,61): warning C4305: 'argument': truncation from 'double' to 'float'
G:\4.2\Computer Graphics\Project\main.cpp(969,54): warning C4305: 'argument': truncation from 'double' to 'float'
G:\4.2\Computer Graphics\Project\main.cpp(969,47): warning C4305: 'argument': truncation from 'double' to 'float'
G:\4.2\Computer Graphics\Project\main.cpp(979,61): warning C4305: 'argument': truncation from 'double' to 'float'
G:\4.2\Computer Graphics\Project\main.cpp(979,54): warning C4305: 'argument': truncation from 'double' to 'float'
G:\4.2\Computer Graphics\Project\main.cpp(979,47): warning C4305: 'argument': truncation from 'double' to 'float'
G:\4.2\Computer Graphics\Project\main.cpp(990,61): warning C4305: 'argument': truncation from 'double' to 'float'
G:\4.2\Computer Graphics\Project\main.cpp(990,54): warning C4305: 'argument': truncation from 'double' to 'float'
G:\4.2\Computer Graphics\Project\main.cpp(990,47): warning C4305: 'argument': truncation from 'double' to 'float'
G:\4.2\Computer Graphics\Project\main.cpp(1001,61): warning C4305: 'argument': truncation from 'double' to 'float'
G:\4.2\Computer Graphics\Project\main.cpp(1001,54): warning C4305: 'argument': truncation from 'double' to 'float'
G:\4.2\Computer Graphics\Project\main.cpp(1001,47): warning C4305: 'argument': truncation from 'double' to 'float'
G:\4.2\Computer Graphics\Project\main.cpp(1020,60): warning C4305: 'argument': truncation from 'double' to 'float'
G:\4.2\Computer Graphics\Project\main.cpp(1020,53): warning C4305: 'argument': truncation from 'double' to 'float'
G:\4.2\Computer Graphics\Project\main.cpp(1020,46): warning C4305: 'argument': truncation from 'double' to 'float'
G:\4.2\Computer Graphics\Project\main.cpp(1035,60): warning C4305: 'argument': truncation from 'double' to 'float'
G:\4.2\Computer Graphics\Project\main.cpp(1035,53): warning C4305: 'argument': truncation from 'double' to 'float'
G:\4.2\Computer Graphics\Project\main.cpp(1035,46): warning C4305: 'argument': truncation from 'double' to 'float'
G:\4.2\Computer Graphics\Project\main.cpp(1045,60): warning C4305: 'argument': truncation from 'double' to 'float'
G:\4.2\Computer Graphics\Project\main.cpp(1045,53): warning C4305: 'argument': truncation from 'double' to 'float'
G:\4.2\Computer Graphics\Project\main.cpp(1045,46): warning C4305: 'argument': truncation from 'double' to 'float'
G:\4.2\Computer Graphics\Project\main.cpp(1056,60): warning C4305: 'argument': truncation from 'double' to 'float'
G:\4.2\Computer Graphics\Project\main.cpp(1056,53): warning C4305: 'argument': truncation from 'double' to 'float'
G:\4.2\Computer Graphics\Project\main.cpp(1056,46): warning C4305: 'argument': truncation from 'double' to 'float'
G:\4.2\Computer Graphics\Project\main.cpp(1067,60): warning C4305: 'argument': truncation from 'double' to 'float'
G:\4.2\Computer Graphics\Project\main.cpp(1067,53): warning C4305: 'argument': truncation from 'double' to 'float'
G:\4.2\Computer Graphics\Project\main.cpp(1067,46): warning C4305: 'argument': truncation from 'double' to 'float'
G:\4.2\Computer Graphics\Project\main.cpp(1072,60): warning C4305: 'argument': truncation from 'double' to 'float'
G:\4.2\Computer Graphics\Project\main.cpp(1072,53): warning C4305: 'argument': truncation from 'double' to 'float'
G:\4.2\Computer Graphics\Project\main.cpp(1072,46): warning C4305: 'argument': truncation from 'double' to 'float'
G:\4.2\Computer Graphics\Project\main.cpp(1120,35): warning C4305: 'initializing': truncation from 'double' to 'float'
G:\4.2\Computer Graphics\Project\main.cpp(1123,14): warning C4305: 'initializing': truncation from 'double' to 'float'
G:\4.2\Computer Graphics\Project\main.cpp(1133,25): warning C4244: '=': conversion from 'double' to 'float', possible loss of data
G:\4.2\Computer Graphics\Project\main.cpp(1139,19): warning C4244: '=': conversion from 'double' to 'float', possible loss of data
G:\4.2\Computer Graphics\Project\main.cpp(1140,19): warning C4244: '=': conversion from 'double' to 'float', possible loss of data
G:\4.2\Computer Graphics\Project\main.cpp(1333,60): warning C4305: 'argument': truncation from 'double' to 'float'
G:\4.2\Computer Graphics\Project\main.cpp(1333,53): warning C4305: 'argument': truncation from 'double' to 'float'
G:\4.2\Computer Graphics\Project\main.cpp(1333,46): warning C4305: 'argument': truncation from 'double' to 'float'
G:\4.2\Computer Graphics\Project\main.cpp(1346,60): warning C4305: 'argument': truncation from 'double' to 'float'
G:\4.2\Computer Graphics\Project\main.cpp(1346,53): warning C4305: 'argument': truncation from 'double' to 'float'
G:\4.2\Computer Graphics\Project\main.cpp(1346,46): warning C4305: 'argument': truncation from 'double' to 'float'
G:\4.2\Computer Graphics\Project\main.cpp(1358,60): warning C4305: 'argument': truncation from 'double' to 'float'
G:\4.2\Computer Graphics\Project\main.cpp(1358,53): warning C4305: 'argument': truncation from 'double' to 'float'
G:\4.2\Computer Graphics\Project\main.cpp(1358,46): warning C4305: 'argument': truncation from 'double' to 'float'
G:\4.2\Computer Graphics\Project\main.cpp(1363,12): warning C4244: '=': conversion from 'double' to 'float', possible loss of data
G:\4.2\Computer Graphics\Project\main.cpp(1382,60): warning C4305: 'argument': truncation from 'double' to 'float'
G:\4.2\Computer Graphics\Project\main.cpp(1382,53): warning C4305: 'argument': truncation from 'double' to 'float'
G:\4.2\Computer Graphics\Project\main.cpp(1382,46): warning C4305: 'argument': truncation from 'double' to 'float'
G:\4.2\Computer Graphics\Project\main.cpp(1394,60): warning C4305: 'argument': truncation from 'double' to 'float'
G:\4.2\Computer Graphics\Project\main.cpp(1394,53): warning C4305: 'argument': truncation from 'double' to 'float'
G:\4.2\Computer Graphics\Project\main.cpp(1394,46): warning C4305: 'argument': truncation from 'double' to 'float'
G:\4.2\Computer Graphics\Project\main.cpp(1405,60): warning C4305: 'argument': truncation from 'double' to 'float'
G:\4.2\Computer Graphics\Project\main.cpp(1405,53): warning C4305: 'argument': truncation from 'double' to 'float'
G:\4.2\Computer Graphics\Project\main.cpp(1405,46): warning C4305: 'argument': truncation from 'double' to 'float'
G:\4.2\Computer Graphics\Project\main.cpp(1433,47): warning C4305: '-=': truncation from 'double' to 'float'
G:\4.2\Computer Graphics\Project\main.cpp(1434,52): warning C4305: '-=': truncation from 'double' to 'float'
G:\4.2\Computer Graphics\Project\main.cpp(1435,34): warning C4305: '-=': truncation from 'double' to 'float'
G:\4.2\Computer Graphics\Project\main.cpp(1437,75): warning C4305: '+=': truncation from 'double' to 'float'
G:\4.2\Computer Graphics\Project\main.cpp(1438,75): warning C4305: '-=': truncation from 'double' to 'float'
G:\4.2\Computer Graphics\Project\main.cpp(1439,75): warning C4305: '+=': truncation from 'double' to 'float'
G:\4.2\Computer Graphics\Project\main.cpp(1440,75): warning C4305: '-=': truncation from 'double' to 'float'
G:\4.2\Computer Graphics\Project\main.cpp(1441,75): warning C4305: '+=': truncation from 'double' to 'float'
G:\4.2\Computer Graphics\Project\main.cpp(1442,75): warning C4305: '-=': truncation from 'double' to 'float'
G:\4.2\Computer Graphics\Project\main.cpp(1443,71): warning C4305: '+=': truncation from 'double' to 'float'
G:\4.2\Computer Graphics\Project\main.cpp(1444,71): warning C4305: '-=': truncation from 'double' to 'float'
G:\4.2\Computer Graphics\Project\main.cpp(1445,71): warning C4305: '+=': truncation from 'double' to 'float'
G:\4.2\Computer Graphics\Project\main.cpp(1446,71): warning C4305: '-=': truncation from 'double' to 'float'
G:\4.2\Computer Graphics\Project\main.cpp(1447,71): warning C4305: '+=': truncation from 'double' to 'float'
G:\4.2\Computer Graphics\Project\main.cpp(1448,71): warning C4305: '-=': truncation from 'double' to 'float'
G:\4.2\Computer Graphics\Project\main.cpp(1452,29): warning C4305: '+=': truncation from 'double' to 'float'
G:\4.2\Computer Graphics\Project\main.cpp(1459,29): warning C4305: '+=': truncation from 'double' to 'float'
G:\4.2\Computer Graphics\Project\main.cpp(1466,29): warning C4305: '+=': truncation from 'double' to 'float'
G:\4.2\Computer Graphics\Project\main.cpp(1474,21): warning C4244: '+=': conversion from 'double' to 'float', possible loss of data
G:\4.2\Computer Graphics\Project\main.cpp(1479,21): warning C4244: '-=': conversion from 'double' to 'float', possible loss of data
G:\4.2\Computer Graphics\Project\main.cpp(1484,21): warning C4244: '+=': conversion from 'double' to 'float', possible loss of data
G:\4.2\Computer Graphics\Project\main.cpp(1489,21): warning C4244: '-=': conversion from 'double' to 'float', possible loss of data
G:\4.2\Computer Graphics\Project\main.cpp(1494,21): warning C4244: '+=': conversion from 'double' to 'float', possible loss of data
G:\4.2\Computer Graphics\Project\main.cpp(1499,21): warning C4244: '-=': conversion from 'double' to 'float', possible loss of data
  Lighting.vcxproj -> G:\4.2\Computer Graphics\Project\x64\Debug\Lighting.exe
